2025-04-06 14:09:49 [scrapy.utils.log] INFO: Scrapy 2.11.2 started (bot: lawscraper)
2025-04-06 14:09:49 [scrapy.utils.log] INFO: Versions: lxml 5.2.2.0, libxml2 2.11.7, cssselect 1.2.0, parsel 1.9.1, w3lib 2.2.1, Twisted 24.3.0, Python 3.12.3 (tags/v3.12.3:f6650f9, Apr  9 2024, 14:05:25) [MSC v.1938 64 bit (AMD64)], pyOpenSSL 24.2.1 (OpenSSL 3.3.1 4 Jun 2024), cryptography 43.0.0, Platform Windows-11-10.0.22631-SP0
2025-04-06 14:09:49 [scrapy.addons] INFO: Enabled addons:
[]
2025-04-06 14:09:49 [scrapy.middleware] INFO: Enabled extensions:
['scrapy.extensions.corestats.CoreStats',
 'scrapy.extensions.feedexport.FeedExporter',
 'scrapy.extensions.logstats.LogStats',
 'scrapy.extensions.throttle.AutoThrottle']
2025-04-06 14:09:49 [scrapy.crawler] INFO: Overridden settings:
{'AUTOTHROTTLE_DEBUG': True,
 'AUTOTHROTTLE_ENABLED': True,
 'BOT_NAME': 'lawscraper',
 'CONCURRENT_REQUESTS': 4,
 'CONCURRENT_REQUESTS_PER_DOMAIN': 4,
 'CONCURRENT_REQUESTS_PER_IP': 4,
 'COOKIES_ENABLED': False,
 'DOWNLOAD_DELAY': 3,
 'FEED_EXPORT_ENCODING': 'utf-8',
 'HTTPCACHE_ENABLED': True,
 'HTTPCACHE_EXPIRATION_SECS': 86400,
 'HTTPCACHE_IGNORE_HTTP_CODES': [503, 504, 400, 401, 403, 404, 408, 429],
 'LOG_FILE': 'scrapy.log',
 'LOG_LEVEL': 'INFO',
 'NEWSPIDER_MODULE': 'lawscraper.spiders',
 'REQUEST_FINGERPRINTER_IMPLEMENTATION': '2.7',
 'RETRY_HTTP_CODES': [500, 502, 503, 504, 408, 429, 403, 404],
 'RETRY_TIMES': 5,
 'SPIDER_MODULES': ['lawscraper.spiders'],
 'TELNETCONSOLE_ENABLED': False,
 'TWISTED_REACTOR': 'twisted.internet.asyncioreactor.AsyncioSelectorReactor',
 'USER_AGENT': 'Mozilla/5.0 (Windows NT 10.0; Win64; x64) AppleWebKit/537.36 '
               '(KHTML, like Gecko) Chrome/120.0.0.0 Safari/537.36'}
2025-04-06 14:09:52 [scrapy.middleware] INFO: Enabled downloader middlewares:
['scrapy.downloadermiddlewares.offsite.OffsiteMiddleware',
 'scrapy.downloadermiddlewares.httpauth.HttpAuthMiddleware',
 'scrapy.downloadermiddlewares.downloadtimeout.DownloadTimeoutMiddleware',
 'scrapy.downloadermiddlewares.defaultheaders.DefaultHeadersMiddleware',
 'lawscraper.middlewares.ScrapeOpsFakeUserAgentMiddleware',
 'scrapy.downloadermiddlewares.useragent.UserAgentMiddleware',
 'scrapy.downloadermiddlewares.retry.RetryMiddleware',
 'scrapy.downloadermiddlewares.redirect.MetaRefreshMiddleware',
 'scrapy.downloadermiddlewares.httpcompression.HttpCompressionMiddleware',
 'scrapy.downloadermiddlewares.redirect.RedirectMiddleware',
 'scrapy.downloadermiddlewares.httpproxy.HttpProxyMiddleware',
 'scrapy.downloadermiddlewares.stats.DownloaderStats',
 'scrapy.downloadermiddlewares.httpcache.HttpCacheMiddleware']
2025-04-06 14:09:52 [scrapy.middleware] INFO: Enabled spider middlewares:
['scrapy.spidermiddlewares.httperror.HttpErrorMiddleware',
 'scrapy.spidermiddlewares.referer.RefererMiddleware',
 'scrapy.spidermiddlewares.urllength.UrlLengthMiddleware',
 'scrapy.spidermiddlewares.depth.DepthMiddleware']
2025-04-06 14:10:01 [scrapy.middleware] INFO: Enabled item pipelines:
['lawscraper.pipelines.LawscraperPipeline']
2025-04-06 14:10:01 [scrapy.core.engine] INFO: Spider opened
2025-04-06 14:10:01 [scrapy.extensions.logstats] INFO: Crawled 0 pages (at 0 pages/min), scraped 0 items (at 0 items/min)
2025-04-06 14:10:01 [scrapy.extensions.throttle] INFO: slot: thuvienphapluat.vn | conc: 1 | delay: 3000 ms (-2000) | latency:  329 ms | size: 37994 bytes
2025-04-06 14:10:01 [lawspider] INFO: Processing page 140
2025-04-06 14:10:01 [lawspider] WARNING: No content found on page 140. This could indicate an issue with the page or parsing.
2025-04-06 14:10:01 [lawspider] INFO: Found 0 links on page 140
2025-04-06 14:10:01 [lawspider] INFO: Moving to next page: 141
2025-04-06 14:10:04 [scrapy.extensions.throttle] INFO: slot: 172.67.75.105 | conc: 1 | delay: 3000 ms (-2000) | latency:  162 ms | size: 37607 bytes
2025-04-06 14:10:04 [lawspider] INFO: Processing page 141
2025-04-06 14:10:04 [lawspider] WARNING: No content found on page 141. This could indicate an issue with the page or parsing.
2025-04-06 14:10:04 [lawspider] INFO: Found 0 links on page 141
2025-04-06 14:10:04 [lawspider] INFO: Moving to next page: 142
2025-04-06 14:10:18 [scrapy.extensions.throttle] INFO: slot: 172.67.75.105 | conc: 1 | delay:11217 ms (+8217) | latency:11217 ms | size:  7203 bytes
2025-04-06 14:10:18 [lawspider] ERROR: Request failed: https://thuvienphapluat.vn/page/tim-van-ban.aspx?keyword=&area=0&match=True&type=0&status=0&signer=0&sort=1&lan=1&scan=0&org=0&fields=&page=142
2025-04-06 14:10:18 [lawspider] ERROR: HttpError on https://thuvienphapluat.vn/page/tim-van-ban.aspx?keyword=&area=0&match=True&type=0&status=0&signer=0&sort=1&lan=1&scan=0&org=0&fields=&page=142 | Status: 520
2025-04-06 14:10:18 [scrapy.core.engine] INFO: Closing spider (finished)
2025-04-06 14:10:18 [scrapy.extensions.feedexport] INFO: Stored json feed (0 items) in: test4.json
2025-04-06 14:10:18 [scrapy.statscollectors] INFO: Dumping Scrapy stats:
{'downloader/request_bytes': 2196,
 'downloader/request_count': 3,
 'downloader/request_method_count/GET': 3,
 'downloader/response_bytes': 86089,
 'downloader/response_count': 3,
 'downloader/response_status_count/200': 2,
 'downloader/response_status_count/520': 1,
 'elapsed_time_seconds': 17.439632,
 'feedexport/success_count/FileFeedStorage': 1,
 'finish_reason': 'finished',
 'finish_time': datetime.datetime(2025, 4, 6, 7, 10, 18, 514338, tzinfo=datetime.timezone.utc),
 'httpcache/firsthand': 3,
 'httpcache/miss': 3,
 'httpcache/store': 3,
 'httpcompression/response_bytes': 75601,
 'httpcompression/response_count': 2,
 'log_count/ERROR': 2,
 'log_count/INFO': 18,
 'log_count/WARNING': 2,
 'request_depth_max': 2,
 'response_received_count': 3,
 'scheduler/dequeued': 3,
 'scheduler/dequeued/memory': 3,
 'scheduler/enqueued': 3,
 'scheduler/enqueued/memory': 3,
 'start_time': datetime.datetime(2025, 4, 6, 7, 10, 1, 74706, tzinfo=datetime.timezone.utc)}
2025-04-06 14:10:18 [scrapy.core.engine] INFO: Spider closed (finished)
